;  LST file generated by mikroListExporter - v.2.0 
; Date/Time: 11/23/2017 4:42:03 PM
;----------------------------------------------

;Address Opcode 	ASM
0x0000	0xF000EF0E  	GOTO        28
0x0004	0x0000      	NOP
0x0006	0x0000      	NOP
0x0008	0xF000EF00  	GOTO        0
0x000C	0x0000      	NOP
0x000E	0x0000      	NOP
0x0010	0x0000      	NOP
0x0012	0x0000      	NOP
0x0014	0x0000      	NOP
0x0016	0x0000      	NOP
0x0018	0xD7F3      	BRA         0
_main:
;LedBlinking.c,25 :: 		void main() {
;LedBlinking.c,27 :: 		TRISA = 0;           // set direction to be output
0x001C	0x6A92      	CLRF        TRISA 
;LedBlinking.c,28 :: 		TRISB = 0;           // set direction to be output
0x001E	0x6A93      	CLRF        TRISB 
;LedBlinking.c,29 :: 		TRISC = 0;           // set direction to be output
0x0020	0x6A94      	CLRF        TRISC 
;LedBlinking.c,30 :: 		TRISD = 0;           // set direction to be output
0x0022	0x6A95      	CLRF        TRISD 
;LedBlinking.c,31 :: 		TRISE = 0;           // set direction to be output
0x0024	0x6A96      	CLRF        TRISE 
;LedBlinking.c,33 :: 		do {
L_main0:
;LedBlinking.c,34 :: 		LATA = 0x00;       // Turn OFF LEDs on PORTA
0x0026	0x6A89      	CLRF        LATA 
;LedBlinking.c,35 :: 		LATB = 0x00;       // Turn OFF LEDs on PORTB
0x0028	0x6A8A      	CLRF        LATB 
;LedBlinking.c,36 :: 		LATC = 0x00;       // Turn OFF LEDs on PORTC
0x002A	0x6A8B      	CLRF        LATC 
;LedBlinking.c,37 :: 		LATD = 0x00;       // Turn OFF LEDs on PORTD
0x002C	0x6A8C      	CLRF        LATD 
;LedBlinking.c,38 :: 		LATE = 0x00;       // Turn OFF LEDs on PORTE
0x002E	0x6A8D      	CLRF        LATE 
;LedBlinking.c,39 :: 		Delay_ms(1000);    // 1 second delay
0x0030	0x0E29      	MOVLW       41
0x0032	0x6E0B      	MOVWF       R11, 0
0x0034	0x0E96      	MOVLW       150
0x0036	0x6E0C      	MOVWF       R12, 0
0x0038	0x0E7F      	MOVLW       127
0x003A	0x6E0D      	MOVWF       R13, 0
L_main3:
0x003C	0x2E0D      	DECFSZ      R13, 1, 0
0x003E	0xD7FE      	BRA         L_main3
0x0040	0x2E0C      	DECFSZ      R12, 1, 0
0x0042	0xD7FC      	BRA         L_main3
0x0044	0x2E0B      	DECFSZ      R11, 1, 0
0x0046	0xD7FA      	BRA         L_main3
;LedBlinking.c,41 :: 		LATA = 0xA;       // Turn ON LEDs on PORTA
0x0048	0x0E0A      	MOVLW       10
0x004A	0x6E89      	MOVWF       LATA 
;LedBlinking.c,42 :: 		LATB = 0xA;       // Turn ON LEDs on PORTB
0x004C	0x0E0A      	MOVLW       10
0x004E	0x6E8A      	MOVWF       LATB 
;LedBlinking.c,43 :: 		LATC = 0xA;       // Turn ON LEDs on PORTC
0x0050	0x0E0A      	MOVLW       10
0x0052	0x6E8B      	MOVWF       LATC 
;LedBlinking.c,44 :: 		LATD = 0xA;       // Turn ON LEDs on PORTD
0x0054	0x0E0A      	MOVLW       10
0x0056	0x6E8C      	MOVWF       LATD 
;LedBlinking.c,45 :: 		LATE = 0xA;       // Turn ON LEDs on PORTE
0x0058	0x0E0A      	MOVLW       10
0x005A	0x6E8D      	MOVWF       LATE 
;LedBlinking.c,46 :: 		Delay_ms(1000);    // 1 second delay
0x005C	0x0E29      	MOVLW       41
0x005E	0x6E0B      	MOVWF       R11, 0
0x0060	0x0E96      	MOVLW       150
0x0062	0x6E0C      	MOVWF       R12, 0
0x0064	0x0E7F      	MOVLW       127
0x0066	0x6E0D      	MOVWF       R13, 0
L_main4:
0x0068	0x2E0D      	DECFSZ      R13, 1, 0
0x006A	0xD7FE      	BRA         L_main4
0x006C	0x2E0C      	DECFSZ      R12, 1, 0
0x006E	0xD7FC      	BRA         L_main4
0x0070	0x2E0B      	DECFSZ      R11, 1, 0
0x0072	0xD7FA      	BRA         L_main4
;LedBlinking.c,47 :: 		} while(1);          // Endless loop
0x0074	0xD7D8      	BRA         L_main0
;LedBlinking.c,48 :: 		}
L_end_main:
0x0076	0xD7FF      	BRA         $+0
; end of _main
Symbol List:
//** Routines locations **
//ADDRESS    SIZE    PROCEDURE
//----------------------------------------------
0x001C      [92]    _main
//** Variables locations ** 
//ADDRESS    SIZE    VARIABLE
//----------------------------------------------
0x0000       [1]    R0
0x0001       [1]    R1
0x0002       [1]    R2
0x0003       [1]    R3
0x0004       [1]    R4
0x0005       [1]    R5
0x0006       [1]    R6
0x0007       [1]    R7
0x0008       [1]    R8
0x0009       [1]    R9
0x000A       [1]    R10
0x000B       [1]    R11
0x000C       [1]    R12
0x000D       [1]    R13
0x000E       [1]    R14
0x000F       [1]    R15
0x0010       [1]    R16
0x0011       [1]    R17
0x0012       [1]    R18
0x0013       [1]    R19
0x0014       [1]    R20
0x0F89       [1]    LATA
0x0F8A       [1]    LATB
0x0F8B       [1]    LATC
0x0F8C       [1]    LATD
0x0F8D       [1]    LATE
0x0F92       [1]    TRISA
0x0F93       [1]    TRISB
0x0F94       [1]    TRISC
0x0F95       [1]    TRISD
0x0F96       [1]    TRISE
0x0FD8       [1]    STATUS
0x0FD9       [1]    FSR2L
0x0FDA       [1]    FSR2H
0x0FDE       [1]    POSTINC2
0x0FE0       [1]    BSR
0x0FE1       [1]    FSR1L
0x0FE2       [1]    FSR1H
0x0FE4       [1]    PREINC1
0x0FE6       [1]    POSTINC1
0x0FE7       [1]    INDF1
0x0FE8       [1]    WREG
0x0FE9       [1]    FSR0L
0x0FEA       [1]    FSR0H
0x0FEE       [1]    POSTINC0
0x0FF3       [1]    PRODL
0x0FF4       [1]    PRODH
0x0FF5       [1]    TABLAT
0x0FF6       [1]    TBLPTRL
0x0FF7       [1]    TBLPTRH
0x0FF8       [1]    TBLPTRU
